<?xml version="1.0" encoding="utf-8"?><testsuites name="pytest tests"><testsuite name="pytest" errors="0" failures="0" skipped="0" tests="23" time="5.055" timestamp="2026-06-08T06:29:28.985935+00:00" hostname="agent-env-f107e3d2-636f-4f92-ad22-98e36078278b"><testcase classname="tests.test_v21_phase1.TestAuthV21" name="test_login_all_seeded_roles[admin@servall.com-Admin@123-super_admin]" time="0.482" /><testcase classname="tests.test_v21_phase1.TestAuthV21" name="test_login_all_seeded_roles[accountant@servall.com-Accountant@123-hub_accountant]" time="0.446" /><testcase classname="tests.test_v21_phase1.TestAuthV21" name="test_login_all_seeded_roles[warehouse@servall.com-Warehouse@123-warehouse_manager]" time="0.421" /><testcase classname="tests.test_v21_phase1.TestAuthV21" name="test_login_all_seeded_roles[franchise@servall.com-Franchise@123-franchise_manager]" time="0.490" /><testcase classname="tests.test_v21_phase1.TestFranchiseTiers" name="test_list_seeded_tiers" time="0.481" /><testcase classname="tests.test_v21_phase1.TestFranchiseTiers" name="test_crud_custom_tier" time="0.245" /><testcase classname="tests.test_v21_phase1.TestFranchiseTiers" name="test_cannot_delete_system_tier" time="0.106" /><testcase classname="tests.test_v21_phase1.TestFranchiseTiers" name="test_tier_preview_with_category_override" time="0.217" /><testcase classname="tests.test_v21_phase1.TestFranchiseTiers" name="test_assign_tier_to_franchise" time="0.165" /><testcase classname="tests.test_v21_phase1.TestBulkInventoryImport" name="test_template_download" time="0.215" /><testcase classname="tests.test_v21_phase1.TestBulkInventoryImport" name="test_validate_then_commit" time="0.477" /><testcase classname="tests.test_v21_phase1.TestBulkInventoryImport" name="test_validate_rejects_bad_format" time="0.103" /><testcase classname="tests.test_v21_phase1.TestMultiSourceIndents" name="test_legacy_indent_defaults_to_system" time="0.164" /><testcase classname="tests.test_v21_phase1.TestMultiSourceIndents" name="test_indent_from_excel" time="0.215" /><testcase classname="tests.test_v21_phase1.TestEditablePO" name="test_create_edit_pdf" time="0.331" /><testcase classname="tests.test_v21_phase1.TestFiltered" name="test_filtered_endpoint_with_date_params[/api/filtered/indents]" time="0.058" /><testcase classname="tests.test_v21_phase1.TestFiltered" name="test_filtered_endpoint_with_date_params[/api/filtered/invoices]" time="0.056" /><testcase classname="tests.test_v21_phase1.TestFiltered" name="test_filtered_endpoint_with_date_params[/api/filtered/purchase-orders]" time="0.067" /><testcase classname="tests.test_v21_phase1.TestFiltered" name="test_filtered_endpoint_with_date_params[/api/filtered/delivery-challans]" time="0.054" /><testcase classname="tests.test_v21_phase1.TestFiltered" name="test_filtered_endpoint_with_date_params[/api/filtered/stock-movements]" time="0.053" /><testcase classname="tests.test_v21_phase1.TestFiltered" name="test_filtered_endpoint_with_date_params[/api/filtered/audit-logs]" time="0.054" /><testcase classname="tests.test_v21_phase1.TestFiltered" name="test_filtered_endpoint_with_date_params[/api/filtered/dashboard-trend]" time="0.053" /><testcase classname="tests.test_v21_phase1.TestOcrConfig" name="test_ocr_aliases_endpoint" time="0.051" /></testsuite></testsuites>