<?xml version="1.0" encoding="utf-8"?><testsuites name="pytest tests"><testsuite name="pytest" errors="0" failures="0" skipped="0" tests="11" time="5.619" timestamp="2026-06-27T11:39:43.440552+00:00" hostname="agent-env-818e73e9-4bfc-45af-be78-240c510e53ec"><testcase classname="backend.tests.test_eway_bills" name="test_b1_create_from_challan" time="1.545" /><testcase classname="backend.tests.test_eway_bills" name="test_b2_create_from_invoice_and_backlink" time="0.297" /><testcase classname="backend.tests.test_eway_bills" name="test_b3_sequential_numbering" time="0.305" /><testcase classname="backend.tests.test_eway_bills" name="test_b4_list_filters" time="0.526" /><testcase classname="backend.tests.test_eway_bills" name="test_b5_by_invoice_and_challan" time="0.195" /><testcase classname="backend.tests.test_eway_bills" name="test_b6_update_transport" time="0.397" /><testcase classname="backend.tests.test_eway_bills" name="test_b7_cancel" time="0.383" /><testcase classname="backend.tests.test_eway_bills" name="test_b8_duplicate" time="0.202" /><testcase classname="backend.tests.test_eway_bills" name="test_b9_role_checks" time="0.856" /><testcase classname="backend.tests.test_eway_bills" name="test_b10_pdf" time="0.640" /><testcase classname="backend.tests.test_eway_bills" name="test_b11_provider_local" time="0.226" /></testsuite></testsuites>