<?xml version="1.0" encoding="utf-8"?><testsuites name="pytest tests"><testsuite name="pytest" errors="0" failures="0" skipped="0" tests="21" time="5.619" timestamp="2026-06-08T12:40:37.040240+00:00" hostname="agent-env-c2346408-46e3-4e2d-a679-ab7b67ac17e1"><testcase classname="backend.tests.test_v22_tax_invoice.TestOrgSettings" name="test_get_seeds_defaults" time="0.450" /><testcase classname="backend.tests.test_v22_tax_invoice.TestOrgSettings" name="test_update_super_admin_only" time="0.118" /><testcase classname="backend.tests.test_v22_tax_invoice.TestOrgSettings" name="test_non_super_admin_blocked" time="0.444" /><testcase classname="backend.tests.test_v22_tax_invoice.TestTaxInvoiceLifecycle" name="test_create_manual_intra_state" time="0.214" /><testcase classname="backend.tests.test_v22_tax_invoice.TestTaxInvoiceLifecycle" name="test_create_manual_inter_state_uses_igst" time="0.208" /><testcase classname="backend.tests.test_v22_tax_invoice.TestTaxInvoiceLifecycle" name="test_edit_draft_recomputes_totals" time="0.226" /><testcase classname="backend.tests.test_v22_tax_invoice.TestTaxInvoiceLifecycle" name="test_issue_assigns_prefixed_number" time="0.304" /><testcase classname="backend.tests.test_v22_tax_invoice.TestTaxInvoiceLifecycle" name="test_cannot_issue_twice" time="0.393" /><testcase classname="backend.tests.test_v22_tax_invoice.TestTaxInvoiceLifecycle" name="test_can_edit_issued" time="0.302" /><testcase classname="backend.tests.test_v22_tax_invoice.TestTaxInvoiceLifecycle" name="test_mark_paid_then_cancel_lifecycle" time="0.549" /><testcase classname="backend.tests.test_v22_tax_invoice.TestChallanSourcedTaxInvoice" name="test_create_from_challan_prefills_franchise_and_lines" time="0.206" /><testcase classname="backend.tests.test_v22_tax_invoice.TestChallanSourcedTaxInvoice" name="test_create_from_dc_endpoint_is_idempotent" time="0.290" /><testcase classname="backend.tests.test_v22_tax_invoice.TestPdfAndShare" name="test_pdf_returns_pdf_bytes" time="0.221" /><testcase classname="backend.tests.test_v22_tax_invoice.TestPdfAndShare" name="test_pdf_for_issued_invoice_shows_number" time="0.316" /><testcase classname="backend.tests.test_v22_tax_invoice.TestPdfAndShare" name="test_mailto_link_format" time="0.208" /><testcase classname="backend.tests.test_v22_tax_invoice.TestListAndPermissions" name="test_list_returns_array" time="0.123" /><testcase classname="backend.tests.test_v22_tax_invoice.TestListAndPermissions" name="test_list_status_filter" time="0.447" /><testcase classname="backend.tests.test_v22_tax_invoice.TestListAndPermissions" name="test_franchise_manager_sees_only_own" time="0.130" /><testcase classname="backend.tests.test_v22_tax_invoice.TestRegression" name="test_existing_invoices_endpoint_still_works" time="0.135" /><testcase classname="backend.tests.test_v22_tax_invoice.TestRegression" name="test_existing_delivery_challans_endpoint" time="0.106" /><testcase classname="backend.tests.test_v22_tax_invoice.TestRegression" name="test_org_settings_idempotent_get" time="0.200" /></testsuite></testsuites>